<?xml version="1.0" encoding="UTF-8"?><testsuite errors="1" failures="0" name="Visualizar el depósito de cuenta corriente" skipped="0" tests="1" time="157.68" timestamp="2020-09-07 11:28:42"><testcase name="Visualizar el deposito de cuenta corriente"><error message="no such window: target window already closed&#10;from unknown error: web view not found&#10;  (Session info: chrome=85.0.4183.83)&#10;  (Driver info: chromedriver=2.38.552522 (437e6fbedfa8762dec75e2c5b3ddb86763dc9dcb),platform=Windows NT 10.0.18362 x86_64) (WARNING: The server did not provide any stacktrace information)&#10;Command duration or timeout: 0 milliseconds&#10;Build info: version: '3.141.59', revision: 'e82be7d358', time: '2018-11-14T08:17:03'&#10;System info: host: 'SBMEDLAPPROAC26', ip: '10.99.24.183', os.name: 'Windows 10', os.arch: 'amd64', os.version: '10.0', java.version: '11.0.5'&#10;Driver info: org.openqa.selenium.chrome.ChromeDriver&#10;Capabilities {acceptInsecureCerts: false, acceptSslCerts: false, applicationCacheEnabled: false, browserConnectionEnabled: false, browserName: chrome, chrome: {chromedriverVersion: 2.38.552522 (437e6fbedfa876..., userDataDir: C:\Users\ASTRID~1.CHA\AppDa...}, cssSelectorsEnabled: true, databaseEnabled: false, handlesAlerts: true, hasTouchScreen: false, javascriptEnabled: true, locationContextEnabled: true, mobileEmulationEnabled: false, nativeEvents: true, networkConnectionEnabled: false, pageLoadStrategy: normal, platform: XP, platformName: XP, rotatable: false, setWindowRect: true, takesHeapSnapshot: true, takesScreenshot: true, unexpectedAlertBehaviour: , unhandledPromptBehavior: , version: 85.0.4183.83, webStorageEnabled: true}&#10;Session ID: 8da0e7a3e8c16c6646e462dae895e2df&#10;*** Element info: {Using=xpath, value=//div/a[@title='Cuentas Corrientes']}" type="java.lang.AssertionError">no such window: target window already closed
from unknown error: web view not found
  (Session info: chrome=85.0.4183.83)
  (Driver info: chromedriver=2.38.552522 (437e6fbedfa8762dec75e2c5b3ddb86763dc9dcb),platform=Windows NT 10.0.18362 x86_64) (WARNING: The server did not provide any stacktrace information)
Command duration or timeout: 0 milliseconds
Build info: version: '3.141.59', revision: 'e82be7d358', time: '2018-11-14T08:17:03'
System info: host: 'SBMEDLAPPROAC26', ip: '10.99.24.183', os.name: 'Windows 10', os.arch: 'amd64', os.version: '10.0', java.version: '11.0.5'
Driver info: org.openqa.selenium.chrome.ChromeDriver
Capabilities {acceptInsecureCerts: false, acceptSslCerts: false, applicationCacheEnabled: false, browserConnectionEnabled: false, browserName: chrome, chrome: {chromedriverVersion: 2.38.552522 (437e6fbedfa876..., userDataDir: C:\Users\ASTRID~1.CHA\AppDa...}, cssSelectorsEnabled: true, databaseEnabled: false, handlesAlerts: true, hasTouchScreen: false, javascriptEnabled: true, locationContextEnabled: true, mobileEmulationEnabled: false, nativeEvents: true, networkConnectionEnabled: false, pageLoadStrategy: normal, platform: XP, platformName: XP, rotatable: false, setWindowRect: true, takesHeapSnapshot: true, takesScreenshot: true, unexpectedAlertBehaviour: , unhandledPromptBehavior: , version: 85.0.4183.83, webStorageEnabled: true}
Session ID: 8da0e7a3e8c16c6646e462dae895e2df
*** Element info: {Using=xpath, value=//div/a[@title='Cuentas Corrientes']}</error><system-err>no such window: target window already closed
from unknown error: web view not found
  (Session info: chrome=85.0.4183.83)
  (Driver info: chromedriver=2.38.552522 (437e6fbedfa8762dec75e2c5b3ddb86763dc9dcb),platform=Windows NT 10.0.18362 x86_64) (WARNING: The server did not provide any stacktrace information)
Command duration or timeout: 0 milliseconds
Build info: version: '3.141.59', revision: 'e82be7d358', time: '2018-11-14T08:17:03'
System info: host: 'SBMEDLAPPROAC26', ip: '10.99.24.183', os.name: 'Windows 10', os.arch: 'amd64', os.version: '10.0', java.version: '11.0.5'
Driver info: org.openqa.selenium.chrome.ChromeDriver
Capabilities {acceptInsecureCerts: false, acceptSslCerts: false, applicationCacheEnabled: false, browserConnectionEnabled: false, browserName: chrome, chrome: {chromedriverVersion: 2.38.552522 (437e6fbedfa876..., userDataDir: C:\Users\ASTRID~1.CHA\AppDa...}, cssSelectorsEnabled: true, databaseEnabled: false, handlesAlerts: true, hasTouchScreen: false, javascriptEnabled: true, locationContextEnabled: true, mobileEmulationEnabled: false, nativeEvents: true, networkConnectionEnabled: false, pageLoadStrategy: normal, platform: XP, platformName: XP, rotatable: false, setWindowRect: true, takesHeapSnapshot: true, takesScreenshot: true, unexpectedAlertBehaviour: , unhandledPromptBehavior: , version: 85.0.4183.83, webStorageEnabled: true}
Session ID: 8da0e7a3e8c16c6646e462dae895e2df
*** Element info: {Using=xpath, value=//div/a[@title='Cuentas Corrientes']}&#13;
co.com.retotecnicobanistmo.certification.reto.stepdefinitions.TiposDepositos.deberiaVisualizarLosDiferentesTiposDepósitos(TiposDepositos.java:28)&#13;
✽.deberia visualizar  la informacion del deposito(file:///C:/Users/astrid.chavarria/Desktop/APUNTES/RETO_BANISTMO/src/test/resources/features/TiposDepositos.feature:12)&#13;
</system-err></testcase></testsuite>